2025-07-06 17:14:20.366,send_message,1,1,
2025-07-06 17:14:31.236,send_message,1,1,
2025-07-06 17:16:01.897,send_message,1,1,
2025-07-06 17:19:10.754,send_message,2,1,
2025-07-06 17:19:20.172,send_message,2,1,
2025-07-06 17:19:23.016,send_message,2,1,
2025-07-06 17:19:26.145,send_message,2,1,
2025-07-06 17:19:28.984,send_message,2,1,
2025-07-06 17:19:31.455,send_message,2,1,
2025-07-06 17:21:03.932,send_message,2,1,
2025-07-06 17:21:11.501,send_message,2,1,
2025-07-06 17:21:20.912,send_message,1,1,
2025-07-06 17:54:55.365,get_profile,1,None,
2025-07-06 17:55:04.374,get_profile,2,None,
2025-07-06 17:55:06.021,get_profile,2,None,
2025-07-06 17:55:39.761,get_profile,2,None,
2025-07-06 17:57:05.012,update_profile,1,None,
2025-07-06 17:57:10.797,get_profile,1,None,
2025-07-06 17:57:23.703,get_profile,2,None,
2025-07-06 17:58:34.827,reset_password,2,None,
2025-07-06 17:58:40.165,reset_password,2,None,
2025-07-06 17:58:40.709,reset_password,2,None,
2025-07-06 17:59:18.023,delete_profile,2,None,
2025-07-06 17:59:19.638,delete_profile,2,None,
2025-07-12 22:15:51.572,get_profile,1,None,
2025-07-12 23:23:47.054,login,1,None,
2025-07-12 23:42:44.817,login,1,None,
2025-07-12 23:42:46.874,login,1,None,
2025-07-12 23:46:59.971,login,4,None,
2025-07-13 00:01:27.317,login,1,None,
2025-07-13 00:05:32.068,login,5,None,
2025-07-13 00:05:40.993,login,5,None,
2025-07-13 00:15:56.876,login,5,None,
2025-07-13 00:16:06.980,login,5,None,
2025-07-13 00:21:05.378,login,5,None,
2025-07-13 01:28:54.712,login,5,None,
2025-07-13 14:40:17.790,login,5,None,
2025-07-13 14:40:25.215,login,5,None,
2025-07-13 14:40:25.267,login,5,None,
2025-07-13 14:47:13.707,login,5,None,
2025-07-13 22:35:51.206,login,1,None,
2025-07-13 22:37:54.567,login,1,None,
2025-07-14 16:20:54.415,login,1,None,
2025-07-14 16:21:04.633,login,1,None,
2025-07-14 16:22:27.027,get_profile,1,None,
2025-07-14 16:51:02.916,login,1,None,
2025-07-14 16:52:45.277,login,1,None,
2025-07-14 16:52:45.311,login,1,None,
2025-07-14 16:56:08.257,get_profile,1,None,
2025-07-14 16:58:14.541,get_profile,1,None,
2025-07-14 16:59:14.656,get_profile,1,None,
2025-07-14 16:59:34.576,get_profile,1,None,
2025-07-14 17:00:13.257,get_profile,1,None,
2025-07-14 17:00:27.841,get_profile,1,None,
2025-07-14 17:01:02.527,get_profile,1,None,
2025-07-14 17:07:37.746,get_profile,1,None,
2025-07-14 17:11:50.186,get_profile,1,None,
2025-07-14 17:11:53.253,update_profile,1,None,
2025-07-14 17:12:02.468,delete_profile,1,None,
2025-07-14 17:13:04.608,delete_profile,0,None,
2025-07-14 17:17:44.194,login,7,None,
2025-07-14 17:17:44.245,login,7,None,
2025-07-14 17:17:50.411,get_profile,7,None,
2025-07-14 17:18:22.056,delete_profile,7,None,
2025-07-14 17:19:08.874,login,8,None,
2025-07-14 17:19:14.728,get_profile,8,None,
2025-07-14 17:19:18.458,delete_profile,8,None,
2025-07-14 17:21:18.349,login,9,None,
2025-07-14 17:21:55.987,login,9,None,
2025-07-14 17:21:56.398,login,9,None,
2025-07-14 17:22:12.447,login,9,None,
2025-07-14 17:24:26.611,get_profile,9,None,
2025-07-14 17:24:29.654,delete_profile,9,None,
2025-07-14 17:25:02.409,delete_profile,0,None,
2025-07-14 17:25:04.604,delete_profile,0,None,
2025-07-14 17:25:22.203,login,10,None,
2025-07-14 17:25:32.354,get_profile,10,None,
2025-07-14 17:25:34.522,delete_profile,10,None,
2025-07-14 17:27:49.192,login,11,None,
2025-07-14 17:27:52.347,get_profile,11,None,
2025-07-14 17:27:53.936,get_profile,11,None,
2025-07-14 17:27:54.378,get_profile,11,None,
2025-07-14 17:27:54.800,get_profile,11,None,
2025-07-14 17:27:55.217,get_profile,11,None,
2025-07-14 17:27:55.383,get_profile,11,None,
2025-07-14 17:27:55.544,get_profile,11,None,
2025-07-14 17:27:55.653,get_profile,11,None,
2025-07-14 17:27:55.827,get_profile,11,None,
2025-07-14 17:27:55.936,get_profile,11,None,
2025-07-14 17:28:04.149,delete_profile,11,None,
2025-07-14 17:29:56.780,login,12,None,
2025-07-14 17:30:07.299,get_profile,12,None,
2025-07-14 17:34:12.998,get_profile,12,None,
2025-07-14 17:34:44.586,get_profile,12,None,
2025-07-14 17:34:57.629,update_profile,12,None,
2025-07-14 17:35:34.684,update_profile,12,None,
2025-07-14 17:39:57.330,get_profile,12,None,
2025-07-14 17:40:05.078,get_profile,12,None,
2025-07-14 17:40:13.501,get_profile,12,None,
2025-07-14 17:40:29.513,get_profile,12,None,
2025-07-14 17:40:36.033,get_profile,12,None,
2025-07-14 17:40:38.741,get_profile,12,None,
2025-07-14 17:40:39.185,get_profile,12,None,
2025-07-14 17:40:40.632,get_profile,12,None,
2025-07-14 17:40:41.619,get_profile,12,None,
2025-07-14 17:40:42.052,get_profile,12,None,
2025-07-14 17:40:42.457,get_profile,12,None,
2025-07-14 17:40:42.798,get_profile,12,None,
2025-07-14 17:40:43.013,get_profile,12,None,
2025-07-14 17:40:43.521,get_profile,12,None,
2025-07-14 17:40:43.866,get_profile,12,None,
2025-07-14 17:40:49.926,get_profile,12,None,
2025-07-14 17:41:49.622,get_profile,12,None,
2025-07-14 17:42:57.383,get_profile,12,None,
2025-07-14 17:42:58.729,get_profile,12,None,
2025-07-14 17:43:49.885,update_profile,12,None,
2025-07-14 17:43:55.813,get_profile,12,None,
2025-07-14 17:48:39.918,get_profile,12,None,
2025-07-14 17:48:43.611,get_profile,12,None,
2025-07-14 17:48:44.281,get_profile,12,None,
2025-07-14 17:48:44.714,get_profile,12,None,
2025-07-14 17:48:45.095,get_profile,12,None,
2025-07-14 17:48:45.414,get_profile,12,None,
2025-07-14 17:48:45.592,get_profile,12,None,
2025-07-14 17:48:45.760,get_profile,12,None,
2025-07-14 17:48:45.881,get_profile,12,None,
2025-07-14 17:48:46.062,get_profile,12,None,
2025-07-14 17:49:01.783,get_profile,12,None,
2025-07-14 17:49:27.011,get_profile,12,None,
2025-07-14 17:49:32.022,get_profile,12,None,
2025-07-14 17:52:35.661,get_profile,12,None,
2025-07-14 17:52:36.159,get_profile,12,None,
2025-07-14 17:52:37.019,get_profile,12,None,
2025-07-14 17:52:39.544,get_profile,12,None,
2025-07-14 17:52:40.007,get_profile,12,None,
2025-07-14 17:55:44.112,get_profile,12,None,
2025-07-14 18:06:49.002,update_profile,12,None,
2025-07-14 18:13:20.759,get_profile,12,None,
2025-07-14 23:37:50.439,login,12,None,
2025-07-14 23:37:51.651,login,12,None,
2025-07-14 23:37:58.094,get_profile,12,None,
2025-07-14 23:39:02.003,get_profile,12,None,
2025-07-14 23:54:58.908,get_profile,12,None,
2025-07-14 23:58:57.884,get_profile,12,None,
2025-07-15 00:00:00.795,update_profile,12,None,
2025-07-15 00:00:09.122,get_profile,12,None,
2025-07-15 00:01:37.815,get_profile,12,None,
2025-07-15 00:03:53.499,get_profile,12,None,
2025-07-15 00:03:56.396,get_profile,12,None,
2025-07-15 00:04:10.405,get_profile,12,None,
2025-07-15 00:04:19.056,get_profile,12,None,
2025-07-15 00:09:27.932,get_profile,12,None,
2025-07-15 00:09:31.703,get_profile,12,None,
2025-07-15 00:09:39.843,get_profile,12,None,
2025-07-15 00:09:48.485,get_profile,12,None,
2025-07-15 00:09:58.344,get_profile,12,None,
2025-07-15 00:10:16.825,get_profile,12,None,
2025-07-15 00:11:12.837,get_profile,12,None,
2025-07-15 00:11:17.764,get_profile,12,None,
2025-07-15 00:11:43.548,get_profile,12,None,
2025-07-15 00:11:56.823,get_profile,12,None,
2025-07-15 00:12:02.926,get_profile,12,None,
2025-07-15 00:15:15.667,get_profile,12,None,
2025-07-15 00:16:34.744,get_profile,12,None,
2025-07-15 00:16:42.922,get_profile,12,None,
2025-07-15 00:16:55.089,get_profile,12,None,
2025-07-15 00:18:32.365,get_profile,12,None,
2025-07-15 00:18:37.817,get_profile,12,None,
2025-07-15 00:23:43.847,get_profile,12,None,
2025-07-15 00:23:49.579,get_profile,12,None,
2025-07-15 00:23:54.831,get_profile,12,None,
2025-07-15 00:24:58.867,get_profile,12,None,
2025-07-15 00:26:03.365,get_profile,12,None,
2025-07-15 00:26:23.653,get_profile,12,None,
2025-07-15 00:26:32.816,get_profile,12,None,
2025-07-15 00:26:38.773,get_profile,12,None,
2025-07-15 00:26:49.102,get_profile,12,None,
2025-07-15 00:26:53.896,get_profile,12,None,
2025-07-15 00:29:19.844,get_profile,12,None,
2025-07-15 00:30:12.887,get_profile,12,None,
2025-07-15 00:30:21.389,get_profile,12,None,
2025-07-15 00:30:33.409,get_profile,12,None,
2025-07-15 00:30:36.288,get_profile,12,None,
2025-07-15 00:30:40.579,get_profile,12,None,
2025-07-15 00:30:44.612,get_profile,12,None,
2025-07-15 00:30:48.501,get_profile,12,None,
2025-07-15 00:30:52.495,get_profile,12,None,
2025-07-15 00:34:33.814,delete_profile,12,None,
2025-07-15 00:35:25.389,login,13,None,
2025-07-15 00:35:28.748,get_profile,13,None,
2025-07-15 00:37:13.829,get_profile,13,None,
2025-07-15 00:37:52.395,update_profile,13,None,
2025-07-15 00:38:38.402,get_profile,13,None,
2025-07-15 00:38:40.237,delete_profile,13,None,
2025-07-15 00:42:51.907,login,14,None,
2025-07-15 00:42:58.815,get_profile,14,None,
2025-07-15 00:43:01.968,get_profile,14,None,
2025-07-15 00:43:05.668,delete_profile,14,None,
2025-07-15 00:52:01.165,get_profile,1,None,
2025-07-15 00:52:05.014,get_profile,1,None,
2025-07-15 00:52:10.637,get_profile,1,None,
2025-07-15 00:52:14.929,get_profile,1,None,
2025-07-15 00:52:17.599,get_profile,1,None,
2025-07-15 00:52:30.104,update_profile,1,None,
2025-07-15 00:53:25.584,get_profile,1,None,
2025-07-15 00:53:28.026,get_profile,1,None,
2025-07-15 00:53:29.677,delete_profile,1,None,
2025-07-15 00:54:33.468,login,2,None,
2025-07-15 00:55:10.714,login,2,None,
2025-07-15 00:56:45.632,login,2,None,
2025-07-15 00:56:47.858,get_profile,2,None,
2025-07-15 00:57:09.795,login,2,None,
2025-07-15 00:57:12.015,get_profile,2,None,
2025-07-15 00:57:24.932,get_profile,2,None,
2025-07-15 00:57:33.352,login,2,None,
2025-07-15 00:57:53.096,login,2,None,
2025-07-15 00:59:50.262,login,2,None,
2025-07-15 01:02:41.617,login,2,None,
2025-07-15 01:11:17.743,login,2,None,
2025-07-17 01:56:03.397,delete_profile,0,None,
2025-07-17 02:00:11.814,login,2,None,
2025-07-17 02:47:07.967,get_profile,2,None,
2025-07-17 02:47:12.831,update_profile,2,None,
2025-07-17 02:47:38.861,login,3,None,
2025-07-17 02:47:48.021,get_profile,3,None,
2025-07-17 02:47:52.174,update_profile,3,None,
2025-07-17 02:52:49.045,get_profile,2,None,
2025-07-17 02:53:01.214,get_profile,2,None,
2025-07-17 02:54:44.385,get_profile,2,None,
2025-07-17 03:00:30.003,get_profile,4,None,
2025-07-17 03:00:40.159,update_profile,4,None,
2025-07-17 03:00:40.189,update_profile,4,None,
2025-07-17 03:03:19.616,get_profile,4,None,
2025-07-17 03:03:23.319,get_profile,2,None,
2025-07-17 03:03:28.255,get_profile,4,None,
2025-07-17 03:04:43.928,get_profile,2,None,
2025-07-17 03:06:02.298,get_profile,4,None,
2025-07-17 03:06:09.532,get_profile,2,None,
2025-07-17 03:06:49.934,get_profile,4,None,
2025-07-17 03:07:27.901,get_profile,4,None,
2025-07-17 03:08:58.022,get_profile,4,None,
2025-07-17 03:09:20.573,get_profile,4,None,
2025-07-17 03:09:50.003,get_profile,4,None,
2025-07-17 03:09:54.861,get_profile,4,None,
2025-07-17 03:13:15.434,login,2,None,
2025-07-17 03:13:35.806,get_profile,2,None,
2025-07-17 03:13:46.336,update_profile,2,None,
2025-07-17 03:13:46.385,update_profile,2,None,
2025-07-17 03:20:17.333,get_profile,4,None,
2025-07-17 03:20:19.245,get_profile,4,None,
2025-07-17 03:28:25.120,get_profile,6,None,
2025-07-17 03:28:43.260,update_profile,6,None,
2025-07-17 03:29:03.130,send_message,6,7,
2025-07-17 03:29:29.172,send_message,2,7,
2025-07-17 23:10:26.574,login,2,None,
2025-07-17 23:10:42.949,get_profile,2,None,
2025-07-17 23:22:35.219,login,6,None,
2025-07-17 23:22:35.265,login,6,None,
2025-07-17 23:22:53.326,send_message,2,8,
2025-07-17 23:26:10.595,get_profile,2,None,
2025-07-17 23:33:15.508,send_message,2,9,
2025-07-17 23:33:52.030,send_message,2,10,
2025-07-17 23:34:11.705,send_message,6,10,
2025-07-17 23:34:30.216,send_message,6,10,
2025-07-17 23:34:49.853,send_message,2,1,
2025-07-17 23:35:47.435,send_message,2,10,
2025-07-17 23:36:08.625,send_message,6,8,
2025-07-17 23:36:25.947,send_message,6,10,
2025-07-18 00:17:20.839,send_message,2,9,
2025-07-18 00:17:58.150,send_message,2,9,
2025-07-18 00:18:48.450,send_message,2,9,
2025-07-18 00:25:14.257,get_profile,2,None,
2025-07-18 00:25:44.470,get_profile,2,None,
2025-07-18 00:27:08.640,get_profile,2,None,
2025-07-18 00:28:15.926,get_profile,2,None,
2025-07-18 00:29:11.056,get_profile,2,None,
2025-07-18 00:29:13.188,get_profile,2,None,
2025-07-18 00:29:26.066,get_profile,2,None,
2025-07-18 00:30:24.017,get_profile,2,None,
2025-07-18 00:30:30.418,get_profile,2,None,
2025-07-18 00:31:23.073,get_profile,2,None,
2025-07-18 00:31:46.081,get_profile,2,None,
2025-07-18 00:31:51.272,get_profile,2,None,
2025-07-18 00:33:16.129,get_profile,2,None,
2025-07-18 00:33:24.908,get_profile,2,None,
2025-07-18 00:33:31.088,get_profile,2,None,
2025-07-18 00:33:50.662,get_profile,2,None,
2025-07-18 00:34:32.084,get_profile,2,None,
2025-07-18 00:34:34.926,get_profile,2,None,
2025-07-18 00:34:39.824,get_profile,2,None,
2025-07-18 00:34:43.435,get_profile,2,None,
2025-07-18 00:34:50.335,update_profile,2,None,
2025-07-18 00:34:54.551,update_profile,2,None,
2025-07-18 00:35:32.149,get_profile,2,None,
2025-07-18 00:35:35.058,get_profile,2,None,
2025-07-18 00:35:37.554,get_profile,2,None,
2025-07-18 00:35:47.153,update_profile,2,None,
2025-07-18 00:36:08.733,get_profile,2,None,
2025-07-18 00:36:17.275,update_profile,2,None,
2025-07-18 00:38:22.865,get_profile,2,None,
2025-07-18 00:38:29.752,get_profile,2,None,
2025-07-18 00:39:21.893,get_profile,6,None,
2025-07-18 00:39:28.315,get_profile,6,None,
2025-07-18 00:39:31.131,get_profile,6,None,
2025-07-18 00:39:42.108,login,2,None,
2025-07-18 00:39:42.981,login,2,None,
2025-07-18 00:39:49.054,get_profile,2,None,
2025-07-18 00:42:25.239,get_profile,2,None,
2025-07-18 00:44:22.836,login,3,None,
2025-07-18 00:44:22.881,login,3,None,
2025-07-18 00:44:31.076,get_profile,3,None,
2025-07-18 00:44:41.437,update_profile,3,None,
2025-07-18 00:44:47.290,update_profile,3,None,
2025-07-18 00:44:48.497,update_profile,3,None,
2025-07-18 00:44:48.536,update_profile,3,None,
2025-07-18 00:44:58.242,get_profile,3,None,
2025-07-18 00:46:40.153,send_message,6,11,
2025-07-18 00:47:12.770,send_message,3,11,
