2025-07-06 17:14:20,366,send_message,1,1,
2025-07-06 17:14:31,236,send_message,1,1,
2025-07-06 17:16:01,897,send_message,1,1,
2025-07-06 17:19:10,754,send_message,2,1,
2025-07-06 17:19:20,172,send_message,2,1,
2025-07-06 17:19:23,016,send_message,2,1,
2025-07-06 17:19:26,145,send_message,2,1,
2025-07-06 17:19:28,984,send_message,2,1,
2025-07-06 17:19:31,455,send_message,2,1,
2025-07-06 17:21:03,932,send_message,2,1,
2025-07-06 17:21:11,501,send_message,2,1,
2025-07-06 17:21:20,912,send_message,1,1,
2025-07-06 17:54:55,365,get_profile,1,None,
2025-07-06 17:55:04,374,get_profile,2,None,
2025-07-06 17:55:06,021,get_profile,2,None,
2025-07-06 17:55:39,761,get_profile,2,None,
2025-07-06 17:57:05,012,update_profile,1,None,
2025-07-06 17:57:10,797,get_profile,1,None,
2025-07-06 17:57:23,703,get_profile,2,None,
2025-07-06 17:58:34,827,reset_password,2,None,
2025-07-06 17:58:40,165,reset_password,2,None,
2025-07-06 17:58:40,709,reset_password,2,None,
2025-07-06 17:59:18,023,delete_profile,2,None,
2025-07-06 17:59:19,638,delete_profile,2,None,
